c:\ahmed_mobile\courseregistraion\debug\vc142.pdb
c:\ahmed_mobile\courseregistraion\debug\vc142.idb
c:\ahmed_mobile\courseregistraion\debug\courseregistraion.obj
c:\ahmed_mobile\courseregistraion\ds_project\debug\vc142.pdb
c:\ahmed_mobile\courseregistraion\ds_project\debug\vc142.idb
c:\ahmed_mobile\courseregistraion\ds_project\debug\courseregistraion.obj
c:\ahmed_mobile\courseregistraion\debug\courseregistraion.exe
c:\ahmed_mobile\courseregistraion\debug\courseregistraion.ilk
c:\ahmed_mobile\courseregistraion\debug\courseregistraion.pdb
c:\ahmed_mobile\courseregistraion\ds_project\debug\courseregistraion.exe
c:\ahmed_mobile\courseregistraion\ds_project\debug\courseregistraion.ilk
c:\ahmed_mobile\courseregistraion\ds_project\debug\courseregistraion.pdb
c:\ahmed_mobile\ds_project\courseregistraion\debug\courseregistraion.obj
c:\ahmed_mobile\ds_project\courseregistraion\debug\courseregistraion.ilk
c:\ahmed_mobile\ds_project\courseregistraion\debug\vc142.idb
c:\ahmed_mobile\ds_project\courseregistraion\debug\courseregistraion.pdb
c:\ahmed_mobile\ds_project\courseregistraion\debug\vc142.pdb
c:\ahmed_mobile\ds_project\courseregistraion\debug\courseregistraion.exe
c:\ahmed_mobile\ds_project\courseregistraion\debug\coursere.3e990abb.tlog\cl.command.1.tlog
c:\ahmed_mobile\ds_project\courseregistraion\debug\coursere.3e990abb.tlog\cl.read.1.tlog
c:\ahmed_mobile\ds_project\courseregistraion\debug\coursere.3e990abb.tlog\cl.write.1.tlog
c:\ahmed_mobile\ds_project\courseregistraion\debug\coursere.3e990abb.tlog\link.command.1.tlog
c:\ahmed_mobile\ds_project\courseregistraion\debug\coursere.3e990abb.tlog\link.read.1.tlog
c:\ahmed_mobile\ds_project\courseregistraion\debug\coursere.3e990abb.tlog\link.write.1.tlog
